*** Starting uWSGI 2.0.18 (64bit) on [Thu May 28 13:32:40 2020] ***
compiled with version: 7.3.0 on 22 July 2019 16:51:41
os: Linux-4.15.0-48-generic #51-Ubuntu SMP Wed Apr 3 08:28:49 UTC 2019
nodename: Quasrain
machine: x86_64
clock source: unix
pcre jit disabled
detected number of CPU cores: 1
current working directory: /root/HIT-100th-Anniversary-Celebration/backend
detected binary path: /root/miniconda3/bin/uwsgi
uWSGI running as root, you can use --uid/--gid/--chroot options
*** WARNING: you are running uWSGI as root !!! (use the --uid flag) *** 
chdir() to .
your processes number limit is 7798
your memory page size is 4096 bytes
detected max file descriptor number: 65535
lock engine: pthread robust mutexes
thunder lock: disabled (you can enable it with --thunder-lock)
uwsgi socket 0 bound to UNIX address ./backend.sock fd 3
uWSGI running as root, you can use --uid/--gid/--chroot options
*** WARNING: you are running uWSGI as root !!! (use the --uid flag) *** 
Python version: 3.7.3 | packaged by conda-forge | (default, Jul  1 2019, 21:52:21)  [GCC 7.3.0]
Python main interpreter initialized at 0x555e6c079d00
uWSGI running as root, you can use --uid/--gid/--chroot options
*** WARNING: you are running uWSGI as root !!! (use the --uid flag) *** 
python threads support enabled
your server socket listen backlog is limited to 100 connections
your mercy for graceful operations on workers is 60 seconds
mapped 145840 bytes (142 KB) for 1 cores
*** Operational MODE: single process ***
WSGI app 0 (mountpoint='') ready in 0 seconds on interpreter 0x555e6c079d00 pid: 20869 (default app)
uWSGI running as root, you can use --uid/--gid/--chroot options
*** WARNING: you are running uWSGI as root !!! (use the --uid flag) *** 
*** uWSGI is running in multiple interpreter mode ***
spawned uWSGI master process (pid: 20869)
spawned uWSGI worker 1 (pid: 20870, cores: 1)
[pid: 20870|app: 0|req: 1/1] 122.238.121.81 () {44 vars in 853 bytes} [Thu May 28 05:32:42 2020] GET /lottery => generated 106 bytes in 53 msecs (HTTP/1.1 200) 4 headers in 136 bytes (2 switches on core 0)
Not Found: /favicon.ico
[pid: 20870|app: 0|req: 2/2] 122.238.121.81 () {46 vars in 807 bytes} [Thu May 28 05:32:42 2020] GET /favicon.ico => generated 2598 bytes in 4 msecs (HTTP/1.1 404) 4 headers in 129 bytes (2 switches on core 0)
Internal Server Error: /addComment/Name/Tag/Comment/Year
Traceback (most recent call last):
  File "/root/miniconda3/lib/python3.7/site-packages/django/db/models/fields/__init__.py", line 1772, in get_prep_value
    return int(value)
ValueError: invalid literal for int() with base 10: 'Year'

The above exception was the direct cause of the following exception:

Traceback (most recent call last):
  File "/root/miniconda3/lib/python3.7/site-packages/django/core/handlers/exception.py", line 34, in inner
    response = get_response(request)
  File "/root/miniconda3/lib/python3.7/site-packages/django/core/handlers/base.py", line 115, in _get_response
    response = self.process_exception_by_middleware(e, request)
  File "/root/miniconda3/lib/python3.7/site-packages/django/core/handlers/base.py", line 113, in _get_response
    response = wrapped_callback(request, *callback_args, **callback_kwargs)
  File "./backendApi/views.py", line 16, in addComment
    comment.save()
  File "/root/miniconda3/lib/python3.7/site-packages/django/db/models/base.py", line 746, in save
    force_update=force_update, update_fields=update_fields)
  File "/root/miniconda3/lib/python3.7/site-packages/django/db/models/base.py", line 784, in save_base
    force_update, using, update_fields,
  File "/root/miniconda3/lib/python3.7/site-packages/django/db/models/base.py", line 887, in _save_table
    results = self._do_insert(cls._base_manager, using, fields, returning_fields, raw)
  File "/root/miniconda3/lib/python3.7/site-packages/django/db/models/base.py", line 926, in _do_insert
    using=using, raw=raw,
  File "/root/miniconda3/lib/python3.7/site-packages/django/db/models/manager.py", line 82, in manager_method
    return getattr(self.get_queryset(), name)(*args, **kwargs)
  File "/root/miniconda3/lib/python3.7/site-packages/django/db/models/query.py", line 1204, in _insert
    return query.get_compiler(using=using).execute_sql(returning_fields)
  File "/root/miniconda3/lib/python3.7/site-packages/django/db/models/sql/compiler.py", line 1390, in execute_sql
    for sql, params in self.as_sql():
  File "/root/miniconda3/lib/python3.7/site-packages/django/db/models/sql/compiler.py", line 1335, in as_sql
    for obj in self.query.objs
  File "/root/miniconda3/lib/python3.7/site-packages/django/db/models/sql/compiler.py", line 1335, in <listcomp>
    for obj in self.query.objs
  File "/root/miniconda3/lib/python3.7/site-packages/django/db/models/sql/compiler.py", line 1334, in <listcomp>
    [self.prepare_value(field, self.pre_save_val(field, obj)) for field in fields]
  File "/root/miniconda3/lib/python3.7/site-packages/django/db/models/sql/compiler.py", line 1275, in prepare_value
    value = field.get_db_prep_save(value, connection=self.connection)
  File "/root/miniconda3/lib/python3.7/site-packages/django/db/models/fields/__init__.py", line 821, in get_db_prep_save
    return self.get_db_prep_value(value, connection=connection, prepared=False)
  File "/root/miniconda3/lib/python3.7/site-packages/django/db/models/fields/__init__.py", line 816, in get_db_prep_value
    value = self.get_prep_value(value)
  File "/root/miniconda3/lib/python3.7/site-packages/django/db/models/fields/__init__.py", line 1776, in get_prep_value
    ) from e
ValueError: Field 'Year' expected a number but got 'Year'.
[pid: 20870|app: 0|req: 3/3] 122.238.121.81 () {42 vars in 872 bytes} [Thu May 28 05:35:09 2020] GET /addComment/Name/Tag/Comment/Year => generated 132439 bytes in 43 msecs (HTTP/1.1 500) 5 headers in 157 bytes (2 switches on core 0)
[pid: 20870|app: 0|req: 4/4] 122.238.121.81 () {42 vars in 822 bytes} [Thu May 28 05:35:22 2020] GET /lottery => generated 106 bytes in 3 msecs (HTTP/1.1 200) 4 headers in 136 bytes (2 switches on core 0)
[pid: 20870|app: 0|req: 5/5] 122.238.121.81 () {42 vars in 834 bytes} [Thu May 28 05:38:36 2020] GET /selectComment => generated 147 bytes in 3 msecs (HTTP/1.1 200) 4 headers in 136 bytes (2 switches on core 0)
[pid: 20870|app: 0|req: 6/6] 122.238.121.81 () {42 vars in 866 bytes} [Thu May 28 05:41:23 2020] GET /addComment/QAQ/QwQ/Happy/1920 => generated 2 bytes in 9 msecs (HTTP/1.1 200) 4 headers in 134 bytes (2 switches on core 0)
[pid: 20870|app: 0|req: 7/7] 122.238.121.81 () {42 vars in 834 bytes} [Thu May 28 05:43:03 2020] GET /selectComment => generated 180 bytes in 3 msecs (HTTP/1.1 200) 4 headers in 136 bytes (2 switches on core 0)
[pid: 20870|app: 0|req: 8/8] 122.238.121.81 () {42 vars in 822 bytes} [Thu May 28 05:45:24 2020] GET /lottery => generated 106 bytes in 3 msecs (HTTP/1.1 200) 4 headers in 136 bytes (2 switches on core 0)
[pid: 20870|app: 0|req: 9/9] 122.238.121.81 () {44 vars in 853 bytes} [Thu May 28 05:45:34 2020] GET /lottery => generated 106 bytes in 3 msecs (HTTP/1.1 200) 4 headers in 136 bytes (2 switches on core 0)
[pid: 20870|app: 0|req: 10/10] 122.238.121.81 () {44 vars in 853 bytes} [Thu May 28 05:45:35 2020] GET /lottery => generated 115 bytes in 3 msecs (HTTP/1.1 200) 4 headers in 136 bytes (2 switches on core 0)
[pid: 20870|app: 0|req: 11/11] 122.238.121.81 () {44 vars in 853 bytes} [Thu May 28 05:45:35 2020] GET /lottery => generated 106 bytes in 3 msecs (HTTP/1.1 200) 4 headers in 136 bytes (2 switches on core 0)
[pid: 20870|app: 0|req: 12/12] 122.238.121.81 () {44 vars in 853 bytes} [Thu May 28 05:45:36 2020] GET /lottery => generated 105 bytes in 3 msecs (HTTP/1.1 200) 4 headers in 136 bytes (2 switches on core 0)
[pid: 20870|app: 0|req: 13/13] 122.238.121.81 () {44 vars in 853 bytes} [Thu May 28 05:45:36 2020] GET /lottery => generated 106 bytes in 3 msecs (HTTP/1.1 200) 4 headers in 136 bytes (1 switches on core 0)
[pid: 20870|app: 0|req: 14/14] 122.238.121.81 () {44 vars in 853 bytes} [Thu May 28 05:45:36 2020] GET /lottery => generated 106 bytes in 3 msecs (HTTP/1.1 200) 4 headers in 136 bytes (1 switches on core 0)
[pid: 20870|app: 0|req: 15/15] 122.238.121.81 () {44 vars in 853 bytes} [Thu May 28 05:45:37 2020] GET /lottery => generated 106 bytes in 3 msecs (HTTP/1.1 200) 4 headers in 136 bytes (1 switches on core 0)
[pid: 20870|app: 0|req: 16/16] 122.238.121.81 () {44 vars in 853 bytes} [Thu May 28 05:45:37 2020] GET /lottery => generated 106 bytes in 3 msecs (HTTP/1.1 200) 4 headers in 136 bytes (1 switches on core 0)
[pid: 20870|app: 0|req: 17/17] 122.238.121.81 () {44 vars in 853 bytes} [Thu May 28 05:45:37 2020] GET /lottery => generated 106 bytes in 3 msecs (HTTP/1.1 200) 4 headers in 136 bytes (1 switches on core 0)
[pid: 20870|app: 0|req: 18/18] 122.238.121.81 () {44 vars in 853 bytes} [Thu May 28 05:45:38 2020] GET /lottery => generated 106 bytes in 3 msecs (HTTP/1.1 200) 4 headers in 136 bytes (1 switches on core 0)
[pid: 20870|app: 0|req: 19/19] 122.238.121.81 () {44 vars in 853 bytes} [Thu May 28 05:45:38 2020] GET /lottery => generated 106 bytes in 3 msecs (HTTP/1.1 200) 4 headers in 136 bytes (1 switches on core 0)
[pid: 20870|app: 0|req: 20/20] 122.238.121.81 () {44 vars in 853 bytes} [Thu May 28 05:45:38 2020] GET /lottery => generated 115 bytes in 3 msecs (HTTP/1.1 200) 4 headers in 136 bytes (1 switches on core 0)
